{"/Users/jaypatel7/Desktop/Workspace/Native/Pokedex/src/api/fetchPokemon.js": {"path":"/Users/jaypatel7/Desktop/Workspace/Native/Pokedex/src/api/fetchPokemon.js","statementMap":{"0":{"start":{"line":4,"column":19},"end":{"line":4,"column":64}},"1":{"start":{"line":6,"column":19},"end":{"line":8,"column":55}},"2":{"start":{"line":8,"column":22},"end":{"line":8,"column":54}},"3":{"start":{"line":10,"column":2},"end":{"line":10,"column":18}}},"fnMap":{"0":{"name":"fetchPokemon","decl":{"start":{"line":3,"column":22},"end":{"line":3,"column":34}},"loc":{"start":{"line":3,"column":43},"end":{"line":11,"column":1}},"line":3},"1":{"name":"(anonymous_1)","decl":{"start":{"line":8,"column":11},"end":{"line":8,"column":12}},"loc":{"start":{"line":8,"column":22},"end":{"line":8,"column":54}},"line":8}},"branchMap":{},"s":{"0":2362,"1":2362,"2":5,"3":2361},"f":{"0":2362,"1":5},"b":{},"_coverageSchema":"1a1c01bbd47fc00a2c39e90264f33305004495a9","hash":"a6f948951ecb50430c33c0db9ac344e4199959fc"}
,"/Users/jaypatel7/Desktop/Workspace/Native/Pokedex/src/api/fetchPokemonByGender.js": {"path":"/Users/jaypatel7/Desktop/Workspace/Native/Pokedex/src/api/fetchPokemonByGender.js","statementMap":{"0":{"start":{"line":5,"column":26},"end":{"line":5,"column":80}},"1":{"start":{"line":7,"column":19},"end":{"line":17,"column":55}},"2":{"start":{"line":10,"column":25},"end":{"line":10,"column":46}},"3":{"start":{"line":11,"column":19},"end":{"line":11,"column":31}},"4":{"start":{"line":12,"column":6},"end":{"line":14,"column":7}},"5":{"start":{"line":13,"column":8},"end":{"line":13,"column":58}},"6":{"start":{"line":15,"column":6},"end":{"line":15,"column":20}},"7":{"start":{"line":17,"column":22},"end":{"line":17,"column":54}},"8":{"start":{"line":19,"column":2},"end":{"line":19,"column":18}}},"fnMap":{"0":{"name":"fetchPokemonByGender","decl":{"start":{"line":3,"column":22},"end":{"line":3,"column":42}},"loc":{"start":{"line":3,"column":51},"end":{"line":20,"column":1}},"line":3},"1":{"name":"(anonymous_1)","decl":{"start":{"line":9,"column":10},"end":{"line":9,"column":11}},"loc":{"start":{"line":9,"column":20},"end":{"line":16,"column":5}},"line":9},"2":{"name":"(anonymous_2)","decl":{"start":{"line":17,"column":11},"end":{"line":17,"column":12}},"loc":{"start":{"line":17,"column":22},"end":{"line":17,"column":54}},"line":17}},"branchMap":{"0":{"loc":{"start":{"line":12,"column":6},"end":{"line":14,"column":7}},"type":"if","locations":[{"start":{"line":12,"column":6},"end":{"line":14,"column":7}},{"start":{},"end":{}}],"line":12},"1":{"loc":{"start":{"line":13,"column":17},"end":{"line":13,"column":57}},"type":"cond-expr","locations":[{"start":{"line":13,"column":40},"end":{"line":13,"column":48}},{"start":{"line":13,"column":51},"end":{"line":13,"column":57}}],"line":13}},"s":{"0":3,"1":3,"2":1,"3":1,"4":1,"5":1,"6":1,"7":1,"8":2},"f":{"0":3,"1":1,"2":1},"b":{"0":[1,0],"1":[0,1]},"_coverageSchema":"1a1c01bbd47fc00a2c39e90264f33305004495a9","hash":"6c73a4cbb7b0d1c100a59d1a9271b08a20b01fca"}
,"/Users/jaypatel7/Desktop/Workspace/Native/Pokedex/src/api/fetchPokemonByName.js": {"path":"/Users/jaypatel7/Desktop/Workspace/Native/Pokedex/src/api/fetchPokemonByName.js","statementMap":{"0":{"start":{"line":5,"column":2},"end":{"line":5,"column":24}},"1":{"start":{"line":6,"column":22},"end":{"line":6,"column":46}},"2":{"start":{"line":7,"column":2},"end":{"line":7,"column":28}},"3":{"start":{"line":9,"column":23},"end":{"line":9,"column":88}},"4":{"start":{"line":9,"column":55},"end":{"line":9,"column":87}},"5":{"start":{"line":10,"column":2},"end":{"line":10,"column":28}},"6":{"start":{"line":12,"column":2},"end":{"line":12,"column":22}}},"fnMap":{"0":{"name":"fetchPokemonByName","decl":{"start":{"line":4,"column":22},"end":{"line":4,"column":40}},"loc":{"start":{"line":4,"column":51},"end":{"line":13,"column":1}},"line":4},"1":{"name":"(anonymous_1)","decl":{"start":{"line":9,"column":42},"end":{"line":9,"column":43}},"loc":{"start":{"line":9,"column":55},"end":{"line":9,"column":87}},"line":9}},"branchMap":{},"s":{"0":2,"1":2,"2":2,"3":2,"4":1572,"5":2,"6":2},"f":{"0":2,"1":1572},"b":{},"_coverageSchema":"1a1c01bbd47fc00a2c39e90264f33305004495a9","hash":"8bbe8ba125cd2c924e008ad49d82c4674c78b2b3"}
,"/Users/jaypatel7/Desktop/Workspace/Native/Pokedex/src/api/fetchPokemonData.js": {"path":"/Users/jaypatel7/Desktop/Workspace/Native/Pokedex/src/api/fetchPokemonData.js","statementMap":{"0":{"start":{"line":5,"column":27},"end":{"line":5,"column":80}},"1":{"start":{"line":6,"column":24},"end":{"line":6,"column":66}},"2":{"start":{"line":8,"column":22},"end":{"line":8,"column":48}},"3":{"start":{"line":10,"column":29},"end":{"line":12,"column":55}},"4":{"start":{"line":12,"column":22},"end":{"line":12,"column":54}},"5":{"start":{"line":14,"column":26},"end":{"line":16,"column":55}},"6":{"start":{"line":16,"column":22},"end":{"line":16,"column":54}},"7":{"start":{"line":18,"column":18},"end":{"line":18,"column":34}},"8":{"start":{"line":19,"column":25},"end":{"line":19,"column":48}},"9":{"start":{"line":20,"column":22},"end":{"line":20,"column":42}},"10":{"start":{"line":23,"column":2},"end":{"line":23,"column":48}}},"fnMap":{"0":{"name":"fetchPokemonData","decl":{"start":{"line":4,"column":22},"end":{"line":4,"column":38}},"loc":{"start":{"line":4,"column":47},"end":{"line":24,"column":1}},"line":4},"1":{"name":"(anonymous_1)","decl":{"start":{"line":12,"column":11},"end":{"line":12,"column":12}},"loc":{"start":{"line":12,"column":22},"end":{"line":12,"column":54}},"line":12},"2":{"name":"(anonymous_2)","decl":{"start":{"line":16,"column":11},"end":{"line":16,"column":12}},"loc":{"start":{"line":16,"column":22},"end":{"line":16,"column":54}},"line":16}},"branchMap":{},"s":{"0":2,"1":2,"2":2,"3":1,"4":0,"5":1,"6":0,"7":1,"8":1,"9":1,"10":1},"f":{"0":2,"1":0,"2":0},"b":{},"_coverageSchema":"1a1c01bbd47fc00a2c39e90264f33305004495a9","hash":"7f20386ce55bac4e94d9c3a815c0244835bee09a"}
,"/Users/jaypatel7/Desktop/Workspace/Native/Pokedex/src/api/fetchPokemonList.js": {"path":"/Users/jaypatel7/Desktop/Workspace/Native/Pokedex/src/api/fetchPokemonList.js","statementMap":{"0":{"start":{"line":11,"column":24},"end":{"line":11,"column":78}},"1":{"start":{"line":13,"column":14},"end":{"line":15,"column":55}},"2":{"start":{"line":15,"column":22},"end":{"line":15,"column":54}},"3":{"start":{"line":17,"column":15},"end":{"line":17,"column":31}},"4":{"start":{"line":19,"column":19},"end":{"line":26,"column":4}},"5":{"start":{"line":20,"column":20},"end":{"line":20,"column":27}},"6":{"start":{"line":21,"column":19},"end":{"line":21,"column":52}},"7":{"start":{"line":22,"column":21},"end":{"line":22,"column":47}},"8":{"start":{"line":23,"column":17},"end":{"line":23,"column":37}},"9":{"start":{"line":25,"column":4},"end":{"line":25,"column":37}},"10":{"start":{"line":27,"column":19},"end":{"line":27,"column":40}},"11":{"start":{"line":31,"column":2},"end":{"line":31,"column":18}}},"fnMap":{"0":{"name":"fetchPokemonList","decl":{"start":{"line":8,"column":22},"end":{"line":8,"column":38}},"loc":{"start":{"line":8,"column":41},"end":{"line":32,"column":1}},"line":8},"1":{"name":"(anonymous_1)","decl":{"start":{"line":15,"column":11},"end":{"line":15,"column":12}},"loc":{"start":{"line":15,"column":22},"end":{"line":15,"column":54}},"line":15},"2":{"name":"(anonymous_2)","decl":{"start":{"line":19,"column":28},"end":{"line":19,"column":29}},"loc":{"start":{"line":19,"column":47},"end":{"line":26,"column":3}},"line":19}},"branchMap":{},"s":{"0":3,"1":3,"2":0,"3":3,"4":3,"5":2358,"6":2358,"7":2358,"8":2358,"9":2358,"10":3,"11":3},"f":{"0":3,"1":0,"2":2358},"b":{},"_coverageSchema":"1a1c01bbd47fc00a2c39e90264f33305004495a9","hash":"9cf0e1584e21e1ccf6dc79ec6b1168b47abc5b82"}
,"/Users/jaypatel7/Desktop/Workspace/Native/Pokedex/src/components/FilterComponent.js": {"path":"/Users/jaypatel7/Desktop/Workspace/Native/Pokedex/src/components/FilterComponent.js","statementMap":{"0":{"start":{"line":8,"column":42},"end":{"line":8,"column":54}},"1":{"start":{"line":9,"column":46},"end":{"line":9,"column":58}},"2":{"start":{"line":10,"column":40},"end":{"line":10,"column":45}},"3":{"start":{"line":13,"column":4},"end":{"line":94,"column":11}},"4":{"start":{"line":20,"column":27},"end":{"line":20,"column":48}},"5":{"start":{"line":32,"column":34},"end":{"line":32,"column":38}},"6":{"start":{"line":34,"column":14},"end":{"line":40,"column":21}},"7":{"start":{"line":52,"column":34},"end":{"line":52,"column":38}},"8":{"start":{"line":54,"column":14},"end":{"line":60,"column":21}},"9":{"start":{"line":72,"column":14},"end":{"line":72,"column":34}},"10":{"start":{"line":73,"column":14},"end":{"line":73,"column":35}},"11":{"start":{"line":74,"column":14},"end":{"line":74,"column":36}},"12":{"start":{"line":75,"column":14},"end":{"line":75,"column":37}},"13":{"start":{"line":76,"column":14},"end":{"line":76,"column":36}},"14":{"start":{"line":84,"column":14},"end":{"line":84,"column":50}},"15":{"start":{"line":85,"column":14},"end":{"line":85,"column":54}},"16":{"start":{"line":86,"column":14},"end":{"line":86,"column":36}},"17":{"start":{"line":97,"column":2},"end":{"line":107,"column":4}},"18":{"start":{"line":100,"column":30},"end":{"line":100,"column":69}},"19":{"start":{"line":110,"column":15},"end":{"line":128,"column":2}},"20":{"start":{"line":130,"column":29},"end":{"line":214,"column":2}}},"fnMap":{"0":{"name":"FilterComponent","decl":{"start":{"line":4,"column":24},"end":{"line":4,"column":39}},"loc":{"start":{"line":4,"column":47},"end":{"line":108,"column":1}},"line":4},"1":{"name":"pressHandler","decl":{"start":{"line":12,"column":11},"end":{"line":12,"column":23}},"loc":{"start":{"line":12,"column":26},"end":{"line":95,"column":3}},"line":12},"2":{"name":"(anonymous_2)","decl":{"start":{"line":20,"column":21},"end":{"line":20,"column":22}},"loc":{"start":{"line":20,"column":27},"end":{"line":20,"column":48}},"line":20},"3":{"name":"(anonymous_3)","decl":{"start":{"line":32,"column":26},"end":{"line":32,"column":27}},"loc":{"start":{"line":32,"column":34},"end":{"line":32,"column":38}},"line":32},"4":{"name":"(anonymous_4)","decl":{"start":{"line":33,"column":24},"end":{"line":33,"column":25}},"loc":{"start":{"line":34,"column":14},"end":{"line":40,"column":21}},"line":34},"5":{"name":"(anonymous_5)","decl":{"start":{"line":52,"column":26},"end":{"line":52,"column":27}},"loc":{"start":{"line":52,"column":34},"end":{"line":52,"column":38}},"line":52},"6":{"name":"(anonymous_6)","decl":{"start":{"line":53,"column":24},"end":{"line":53,"column":25}},"loc":{"start":{"line":54,"column":14},"end":{"line":60,"column":21}},"line":54},"7":{"name":"(anonymous_7)","decl":{"start":{"line":71,"column":25},"end":{"line":71,"column":26}},"loc":{"start":{"line":71,"column":31},"end":{"line":77,"column":13}},"line":71},"8":{"name":"(anonymous_8)","decl":{"start":{"line":83,"column":25},"end":{"line":83,"column":26}},"loc":{"start":{"line":83,"column":31},"end":{"line":87,"column":13}},"line":83},"9":{"name":"(anonymous_9)","decl":{"start":{"line":100,"column":13},"end":{"line":100,"column":14}},"loc":{"start":{"line":100,"column":30},"end":{"line":100,"column":69}},"line":100}},"branchMap":{"0":{"loc":{"start":{"line":100,"column":31},"end":{"line":100,"column":68}},"type":"cond-expr","locations":[{"start":{"line":100,"column":41},"end":{"line":100,"column":61}},{"start":{"line":100,"column":64},"end":{"line":100,"column":68}}],"line":100}},"s":{"0":2,"1":2,"2":2,"3":0,"4":0,"5":0,"6":0,"7":0,"8":0,"9":0,"10":0,"11":0,"12":0,"13":0,"14":0,"15":0,"16":0,"17":2,"18":2,"19":3,"20":3},"f":{"0":2,"1":0,"2":0,"3":0,"4":0,"5":0,"6":0,"7":0,"8":0,"9":2},"b":{"0":[0,2]},"_coverageSchema":"1a1c01bbd47fc00a2c39e90264f33305004495a9","hash":"c1df6587ff871583599aa6d455c0edcae4db3992"}
,"/Users/jaypatel7/Desktop/Workspace/Native/Pokedex/src/components/PhysicalAttributeComponent.js": {"path":"/Users/jaypatel7/Desktop/Workspace/Native/Pokedex/src/components/PhysicalAttributeComponent.js","statementMap":{"0":{"start":{"line":6,"column":18},"end":{"line":6,"column":43}},"1":{"start":{"line":7,"column":25},"end":{"line":7,"column":57}},"2":{"start":{"line":8,"column":22},"end":{"line":8,"column":51}},"3":{"start":{"line":10,"column":30},"end":{"line":10,"column":42}},"4":{"start":{"line":12,"column":13},"end":{"line":12,"column":24}},"5":{"start":{"line":15,"column":17},"end":{"line":15,"column":47}},"6":{"start":{"line":17,"column":4},"end":{"line":17,"column":27}},"7":{"start":{"line":20,"column":2},"end":{"line":22,"column":5}},"8":{"start":{"line":21,"column":4},"end":{"line":21,"column":23}},"9":{"start":{"line":24,"column":20},"end":{"line":30,"column":4}},"10":{"start":{"line":25,"column":4},"end":{"line":29,"column":6}},"11":{"start":{"line":32,"column":20},"end":{"line":38,"column":4}},"12":{"start":{"line":33,"column":4},"end":{"line":37,"column":6}},"13":{"start":{"line":40,"column":16},"end":{"line":46,"column":4}},"14":{"start":{"line":41,"column":4},"end":{"line":45,"column":6}},"15":{"start":{"line":48,"column":22},"end":{"line":56,"column":3}},"16":{"start":{"line":50,"column":6},"end":{"line":54,"column":8}},"17":{"start":{"line":58,"column":2},"end":{"line":75,"column":4}},"18":{"start":{"line":78,"column":15},"end":{"line":86,"column":2}}},"fnMap":{"0":{"name":"PhysicalAttributeComponent","decl":{"start":{"line":5,"column":24},"end":{"line":5,"column":50}},"loc":{"start":{"line":5,"column":64},"end":{"line":76,"column":1}},"line":5},"1":{"name":"getPokemonGender","decl":{"start":{"line":14,"column":17},"end":{"line":14,"column":33}},"loc":{"start":{"line":14,"column":36},"end":{"line":18,"column":3}},"line":14},"2":{"name":"(anonymous_2)","decl":{"start":{"line":20,"column":12},"end":{"line":20,"column":13}},"loc":{"start":{"line":20,"column":18},"end":{"line":22,"column":3}},"line":20},"3":{"name":"(anonymous_3)","decl":{"start":{"line":24,"column":51},"end":{"line":24,"column":52}},"loc":{"start":{"line":24,"column":70},"end":{"line":30,"column":3}},"line":24},"4":{"name":"(anonymous_4)","decl":{"start":{"line":32,"column":43},"end":{"line":32,"column":44}},"loc":{"start":{"line":32,"column":61},"end":{"line":38,"column":3}},"line":32},"5":{"name":"(anonymous_5)","decl":{"start":{"line":40,"column":35},"end":{"line":40,"column":36}},"loc":{"start":{"line":40,"column":50},"end":{"line":46,"column":3}},"line":40},"6":{"name":"(anonymous_6)","decl":{"start":{"line":49,"column":4},"end":{"line":49,"column":5}},"loc":{"start":{"line":49,"column":21},"end":{"line":55,"column":5}},"line":49}},"branchMap":{},"s":{"0":2,"1":2,"2":2,"3":2,"4":2,"5":1,"6":0,"7":2,"8":1,"9":2,"10":2,"11":2,"12":2,"13":2,"14":2,"15":2,"16":3,"17":2,"18":3},"f":{"0":2,"1":1,"2":1,"3":2,"4":2,"5":2,"6":3},"b":{},"_coverageSchema":"1a1c01bbd47fc00a2c39e90264f33305004495a9","hash":"5813e1abb0d56ca55695974e1775e991251037c7"}
,"/Users/jaypatel7/Desktop/Workspace/Native/Pokedex/src/components/PokemonGridTile.js": {"path":"/Users/jaypatel7/Desktop/Workspace/Native/Pokedex/src/components/PokemonGridTile.js","statementMap":{"0":{"start":{"line":17,"column":2},"end":{"line":29,"column":3}},"1":{"start":{"line":18,"column":4},"end":{"line":22,"column":6}},"2":{"start":{"line":24,"column":4},"end":{"line":28,"column":6}},"3":{"start":{"line":31,"column":2},"end":{"line":56,"column":4}},"4":{"start":{"line":38,"column":32},"end":{"line":41,"column":9}},"5":{"start":{"line":59,"column":15},"end":{"line":97,"column":2}}},"fnMap":{"0":{"name":"PokemonGridTile","decl":{"start":{"line":14,"column":24},"end":{"line":14,"column":39}},"loc":{"start":{"line":14,"column":73},"end":{"line":57,"column":1}},"line":14},"1":{"name":"(anonymous_1)","decl":{"start":{"line":38,"column":15},"end":{"line":38,"column":16}},"loc":{"start":{"line":38,"column":32},"end":{"line":41,"column":9}},"line":38}},"branchMap":{"0":{"loc":{"start":{"line":17,"column":2},"end":{"line":29,"column":3}},"type":"if","locations":[{"start":{"line":17,"column":2},"end":{"line":29,"column":3}},{"start":{"line":23,"column":9},"end":{"line":29,"column":3}}],"line":17},"1":{"loc":{"start":{"line":40,"column":10},"end":{"line":40,"column":47}},"type":"cond-expr","locations":[{"start":{"line":40,"column":20},"end":{"line":40,"column":40}},{"start":{"line":40,"column":43},"end":{"line":40,"column":47}}],"line":40},"2":{"loc":{"start":{"line":71,"column":14},"end":{"line":71,"column":62}},"type":"cond-expr","locations":[{"start":{"line":71,"column":42},"end":{"line":71,"column":50}},{"start":{"line":71,"column":53},"end":{"line":71,"column":62}}],"line":71}},"s":{"0":2,"1":1,"2":1,"3":2,"4":2,"5":3},"f":{"0":2,"1":2},"b":{"0":[1,1],"1":[0,2],"2":[0,3]},"_coverageSchema":"1a1c01bbd47fc00a2c39e90264f33305004495a9","hash":"a2d1a87ba369bfc74638b70ed53d3f925f709fcb"}
,"/Users/jaypatel7/Desktop/Workspace/Native/Pokedex/src/components/StatsComponent.js": {"path":"/Users/jaypatel7/Desktop/Workspace/Native/Pokedex/src/components/StatsComponent.js","statementMap":{"0":{"start":{"line":4,"column":18},"end":{"line":4,"column":44}},"1":{"start":{"line":6,"column":16},"end":{"line":17,"column":4}},"2":{"start":{"line":7,"column":4},"end":{"line":16,"column":6}},"3":{"start":{"line":18,"column":2},"end":{"line":18,"column":61}},"4":{"start":{"line":21,"column":15},"end":{"line":29,"column":2}}},"fnMap":{"0":{"name":"StatsComponent","decl":{"start":{"line":3,"column":24},"end":{"line":3,"column":38}},"loc":{"start":{"line":3,"column":52},"end":{"line":19,"column":1}},"line":3},"1":{"name":"(anonymous_1)","decl":{"start":{"line":6,"column":35},"end":{"line":6,"column":36}},"loc":{"start":{"line":6,"column":50},"end":{"line":17,"column":3}},"line":6}},"branchMap":{},"s":{"0":2,"1":2,"2":6,"3":2,"4":3},"f":{"0":2,"1":6},"b":{},"_coverageSchema":"1a1c01bbd47fc00a2c39e90264f33305004495a9","hash":"3dbb2e989d664b81adeeb08652e04c3841553f0b"}
,"/Users/jaypatel7/Desktop/Workspace/Native/Pokedex/src/mock/data.js": {"path":"/Users/jaypatel7/Desktop/Workspace/Native/Pokedex/src/mock/data.js","statementMap":{"0":{"start":{"line":1,"column":27},"end":{"line":14065,"column":1}}},"fnMap":{},"branchMap":{},"s":{"0":2},"f":{},"b":{},"_coverageSchema":"1a1c01bbd47fc00a2c39e90264f33305004495a9","hash":"f4452905e5af4fc1604aee05d200da603b64bc95"}
,"/Users/jaypatel7/Desktop/Workspace/Native/Pokedex/src/screen/PokemonDetails.js": {"path":"/Users/jaypatel7/Desktop/Workspace/Native/Pokedex/src/screen/PokemonDetails.js","statementMap":{"0":{"start":{"line":9,"column":17},"end":{"line":9,"column":39}},"1":{"start":{"line":10,"column":40},"end":{"line":10,"column":52}},"2":{"start":{"line":12,"column":28},"end":{"line":15,"column":3}},"3":{"start":{"line":13,"column":17},"end":{"line":13,"column":47}},"4":{"start":{"line":14,"column":4},"end":{"line":14,"column":25}},"5":{"start":{"line":17,"column":2},"end":{"line":19,"column":9}},"6":{"start":{"line":18,"column":4},"end":{"line":18,"column":24}},"7":{"start":{"line":21,"column":2},"end":{"line":53,"column":4}},"8":{"start":{"line":56,"column":15},"end":{"line":70,"column":2}}},"fnMap":{"0":{"name":"PokemonDetails","decl":{"start":{"line":8,"column":24},"end":{"line":8,"column":38}},"loc":{"start":{"line":8,"column":62},"end":{"line":54,"column":1}},"line":8},"1":{"name":"(anonymous_1)","decl":{"start":{"line":12,"column":28},"end":{"line":12,"column":29}},"loc":{"start":{"line":12,"column":40},"end":{"line":15,"column":3}},"line":12},"2":{"name":"(anonymous_2)","decl":{"start":{"line":17,"column":12},"end":{"line":17,"column":13}},"loc":{"start":{"line":17,"column":18},"end":{"line":19,"column":3}},"line":17}},"branchMap":{},"s":{"0":1,"1":1,"2":1,"3":1,"4":0,"5":1,"6":1,"7":1,"8":2},"f":{"0":1,"1":1,"2":1},"b":{},"_coverageSchema":"1a1c01bbd47fc00a2c39e90264f33305004495a9","hash":"bf30d250076e2dfcb97951990a64057df4e3bbb5"}
,"/Users/jaypatel7/Desktop/Workspace/Native/Pokedex/src/screen/PokemonHomeScreen.js": {"path":"/Users/jaypatel7/Desktop/Workspace/Native/Pokedex/src/screen/PokemonHomeScreen.js","statementMap":{"0":{"start":{"line":18,"column":40},"end":{"line":18,"column":52}},"1":{"start":{"line":19,"column":38},"end":{"line":19,"column":50}},"2":{"start":{"line":21,"column":40},"end":{"line":21,"column":55}},"3":{"start":{"line":23,"column":24},"end":{"line":30,"column":3}},"4":{"start":{"line":27,"column":4},"end":{"line":27,"column":25}},"5":{"start":{"line":28,"column":25},"end":{"line":28,"column":70}},"6":{"start":{"line":29,"column":4},"end":{"line":29,"column":33}},"7":{"start":{"line":34,"column":17},"end":{"line":34,"column":41}},"8":{"start":{"line":36,"column":4},"end":{"line":36,"column":32}},"9":{"start":{"line":39,"column":2},"end":{"line":41,"column":9}},"10":{"start":{"line":40,"column":4},"end":{"line":40,"column":20}},"11":{"start":{"line":45,"column":6},"end":{"line":48,"column":9}},"12":{"start":{"line":51,"column":29},"end":{"line":56,"column":5}},"13":{"start":{"line":58,"column":4},"end":{"line":58,"column":53}},"14":{"start":{"line":61,"column":2},"end":{"line":91,"column":4}},"15":{"start":{"line":84,"column":36},"end":{"line":84,"column":47}},"16":{"start":{"line":94,"column":15},"end":{"line":146,"column":2}}},"fnMap":{"0":{"name":"PokemonHomeScreen","decl":{"start":{"line":17,"column":24},"end":{"line":17,"column":41}},"loc":{"start":{"line":17,"column":58},"end":{"line":92,"column":1}},"line":17},"1":{"name":"(anonymous_1)","decl":{"start":{"line":23,"column":24},"end":{"line":23,"column":25}},"loc":{"start":{"line":23,"column":41},"end":{"line":30,"column":3}},"line":23},"2":{"name":"getAllPokemon","decl":{"start":{"line":33,"column":17},"end":{"line":33,"column":30}},"loc":{"start":{"line":33,"column":33},"end":{"line":37,"column":3}},"line":33},"3":{"name":"(anonymous_3)","decl":{"start":{"line":39,"column":12},"end":{"line":39,"column":13}},"loc":{"start":{"line":39,"column":18},"end":{"line":41,"column":3}},"line":39},"4":{"name":"renderPokemon","decl":{"start":{"line":43,"column":11},"end":{"line":43,"column":24}},"loc":{"start":{"line":43,"column":35},"end":{"line":59,"column":3}},"line":43},"5":{"name":"pressHandler","decl":{"start":{"line":44,"column":13},"end":{"line":44,"column":25}},"loc":{"start":{"line":44,"column":28},"end":{"line":49,"column":5}},"line":44},"6":{"name":"(anonymous_6)","decl":{"start":{"line":84,"column":26},"end":{"line":84,"column":27}},"loc":{"start":{"line":84,"column":36},"end":{"line":84,"column":47}},"line":84}},"branchMap":{},"s":{"0":2,"1":2,"2":2,"3":2,"4":0,"5":0,"6":0,"7":0,"8":0,"9":2,"10":0,"11":0,"12":0,"13":0,"14":2,"15":0,"16":2},"f":{"0":2,"1":0,"2":0,"3":0,"4":0,"5":0,"6":0},"b":{},"_coverageSchema":"1a1c01bbd47fc00a2c39e90264f33305004495a9","hash":"f476f1b6e8cf960db9a104f8e9c904c5d0f93910"}
,"/Users/jaypatel7/Desktop/Workspace/Native/Pokedex/src/utils/utils.js": {"path":"/Users/jaypatel7/Desktop/Workspace/Native/Pokedex/src/utils/utils.js","statementMap":{"0":{"start":{"line":1,"column":34},"end":{"line":132,"column":1}},"1":{"start":{"line":5,"column":2},"end":{"line":63,"column":3}},"2":{"start":{"line":7,"column":6},"end":{"line":7,"column":25}},"3":{"start":{"line":8,"column":6},"end":{"line":8,"column":12}},"4":{"start":{"line":10,"column":6},"end":{"line":10,"column":25}},"5":{"start":{"line":11,"column":6},"end":{"line":11,"column":12}},"6":{"start":{"line":13,"column":6},"end":{"line":13,"column":25}},"7":{"start":{"line":14,"column":6},"end":{"line":14,"column":12}},"8":{"start":{"line":16,"column":6},"end":{"line":16,"column":25}},"9":{"start":{"line":17,"column":6},"end":{"line":17,"column":12}},"10":{"start":{"line":19,"column":6},"end":{"line":19,"column":25}},"11":{"start":{"line":20,"column":6},"end":{"line":20,"column":12}},"12":{"start":{"line":22,"column":6},"end":{"line":22,"column":25}},"13":{"start":{"line":23,"column":6},"end":{"line":23,"column":12}},"14":{"start":{"line":25,"column":6},"end":{"line":25,"column":25}},"15":{"start":{"line":26,"column":6},"end":{"line":26,"column":12}},"16":{"start":{"line":28,"column":6},"end":{"line":28,"column":25}},"17":{"start":{"line":29,"column":6},"end":{"line":29,"column":12}},"18":{"start":{"line":31,"column":6},"end":{"line":31,"column":25}},"19":{"start":{"line":32,"column":6},"end":{"line":32,"column":12}},"20":{"start":{"line":34,"column":6},"end":{"line":34,"column":25}},"21":{"start":{"line":35,"column":6},"end":{"line":35,"column":12}},"22":{"start":{"line":37,"column":6},"end":{"line":37,"column":25}},"23":{"start":{"line":38,"column":6},"end":{"line":38,"column":12}},"24":{"start":{"line":40,"column":6},"end":{"line":40,"column":25}},"25":{"start":{"line":41,"column":6},"end":{"line":41,"column":12}},"26":{"start":{"line":43,"column":6},"end":{"line":43,"column":25}},"27":{"start":{"line":44,"column":6},"end":{"line":44,"column":12}},"28":{"start":{"line":46,"column":6},"end":{"line":46,"column":25}},"29":{"start":{"line":47,"column":6},"end":{"line":47,"column":12}},"30":{"start":{"line":49,"column":6},"end":{"line":49,"column":25}},"31":{"start":{"line":50,"column":6},"end":{"line":50,"column":12}},"32":{"start":{"line":52,"column":6},"end":{"line":52,"column":25}},"33":{"start":{"line":53,"column":6},"end":{"line":53,"column":12}},"34":{"start":{"line":55,"column":6},"end":{"line":55,"column":25}},"35":{"start":{"line":56,"column":6},"end":{"line":56,"column":12}},"36":{"start":{"line":58,"column":6},"end":{"line":58,"column":25}},"37":{"start":{"line":59,"column":6},"end":{"line":59,"column":12}},"38":{"start":{"line":61,"column":6},"end":{"line":61,"column":27}},"39":{"start":{"line":62,"column":6},"end":{"line":62,"column":12}},"40":{"start":{"line":65,"column":2},"end":{"line":127,"column":3}},"41":{"start":{"line":66,"column":4},"end":{"line":124,"column":5}},"42":{"start":{"line":68,"column":8},"end":{"line":68,"column":27}},"43":{"start":{"line":69,"column":8},"end":{"line":69,"column":14}},"44":{"start":{"line":71,"column":8},"end":{"line":71,"column":27}},"45":{"start":{"line":72,"column":8},"end":{"line":72,"column":14}},"46":{"start":{"line":74,"column":8},"end":{"line":74,"column":27}},"47":{"start":{"line":75,"column":8},"end":{"line":75,"column":14}},"48":{"start":{"line":77,"column":8},"end":{"line":77,"column":27}},"49":{"start":{"line":78,"column":8},"end":{"line":78,"column":14}},"50":{"start":{"line":80,"column":8},"end":{"line":80,"column":27}},"51":{"start":{"line":81,"column":8},"end":{"line":81,"column":14}},"52":{"start":{"line":83,"column":8},"end":{"line":83,"column":27}},"53":{"start":{"line":84,"column":8},"end":{"line":84,"column":14}},"54":{"start":{"line":86,"column":8},"end":{"line":86,"column":27}},"55":{"start":{"line":87,"column":8},"end":{"line":87,"column":14}},"56":{"start":{"line":89,"column":8},"end":{"line":89,"column":27}},"57":{"start":{"line":90,"column":8},"end":{"line":90,"column":14}},"58":{"start":{"line":92,"column":8},"end":{"line":92,"column":27}},"59":{"start":{"line":93,"column":8},"end":{"line":93,"column":14}},"60":{"start":{"line":95,"column":8},"end":{"line":95,"column":27}},"61":{"start":{"line":96,"column":8},"end":{"line":96,"column":14}},"62":{"start":{"line":98,"column":8},"end":{"line":98,"column":27}},"63":{"start":{"line":99,"column":8},"end":{"line":99,"column":14}},"64":{"start":{"line":101,"column":8},"end":{"line":101,"column":27}},"65":{"start":{"line":102,"column":8},"end":{"line":102,"column":14}},"66":{"start":{"line":104,"column":8},"end":{"line":104,"column":27}},"67":{"start":{"line":105,"column":8},"end":{"line":105,"column":14}},"68":{"start":{"line":107,"column":8},"end":{"line":107,"column":27}},"69":{"start":{"line":108,"column":8},"end":{"line":108,"column":14}},"70":{"start":{"line":110,"column":8},"end":{"line":110,"column":27}},"71":{"start":{"line":111,"column":8},"end":{"line":111,"column":14}},"72":{"start":{"line":113,"column":8},"end":{"line":113,"column":27}},"73":{"start":{"line":114,"column":8},"end":{"line":114,"column":14}},"74":{"start":{"line":116,"column":8},"end":{"line":116,"column":27}},"75":{"start":{"line":117,"column":8},"end":{"line":117,"column":14}},"76":{"start":{"line":119,"column":8},"end":{"line":119,"column":27}},"77":{"start":{"line":120,"column":8},"end":{"line":120,"column":14}},"78":{"start":{"line":122,"column":8},"end":{"line":122,"column":29}},"79":{"start":{"line":123,"column":8},"end":{"line":123,"column":14}},"80":{"start":{"line":125,"column":9},"end":{"line":127,"column":3}},"81":{"start":{"line":126,"column":4},"end":{"line":126,"column":20}},"82":{"start":{"line":129,"column":21},"end":{"line":129,"column":37}},"83":{"start":{"line":131,"column":2},"end":{"line":131,"column":20}}},"fnMap":{"0":{"name":"(anonymous_0)","decl":{"start":{"line":1,"column":34},"end":{"line":1,"column":35}},"loc":{"start":{"line":1,"column":60},"end":{"line":132,"column":1}},"line":1}},"branchMap":{"0":{"loc":{"start":{"line":5,"column":2},"end":{"line":63,"column":3}},"type":"switch","locations":[{"start":{"line":6,"column":4},"end":{"line":8,"column":12}},{"start":{"line":9,"column":4},"end":{"line":11,"column":12}},{"start":{"line":12,"column":4},"end":{"line":14,"column":12}},{"start":{"line":15,"column":4},"end":{"line":17,"column":12}},{"start":{"line":18,"column":4},"end":{"line":20,"column":12}},{"start":{"line":21,"column":4},"end":{"line":23,"column":12}},{"start":{"line":24,"column":4},"end":{"line":26,"column":12}},{"start":{"line":27,"column":4},"end":{"line":29,"column":12}},{"start":{"line":30,"column":4},"end":{"line":32,"column":12}},{"start":{"line":33,"column":4},"end":{"line":35,"column":12}},{"start":{"line":36,"column":4},"end":{"line":38,"column":12}},{"start":{"line":39,"column":4},"end":{"line":41,"column":12}},{"start":{"line":42,"column":4},"end":{"line":44,"column":12}},{"start":{"line":45,"column":4},"end":{"line":47,"column":12}},{"start":{"line":48,"column":4},"end":{"line":50,"column":12}},{"start":{"line":51,"column":4},"end":{"line":53,"column":12}},{"start":{"line":54,"column":4},"end":{"line":56,"column":12}},{"start":{"line":57,"column":4},"end":{"line":59,"column":12}},{"start":{"line":60,"column":4},"end":{"line":62,"column":12}}],"line":5},"1":{"loc":{"start":{"line":65,"column":2},"end":{"line":127,"column":3}},"type":"if","locations":[{"start":{"line":65,"column":2},"end":{"line":127,"column":3}},{"start":{"line":125,"column":9},"end":{"line":127,"column":3}}],"line":65},"2":{"loc":{"start":{"line":66,"column":4},"end":{"line":124,"column":5}},"type":"switch","locations":[{"start":{"line":67,"column":6},"end":{"line":69,"column":14}},{"start":{"line":70,"column":6},"end":{"line":72,"column":14}},{"start":{"line":73,"column":6},"end":{"line":75,"column":14}},{"start":{"line":76,"column":6},"end":{"line":78,"column":14}},{"start":{"line":79,"column":6},"end":{"line":81,"column":14}},{"start":{"line":82,"column":6},"end":{"line":84,"column":14}},{"start":{"line":85,"column":6},"end":{"line":87,"column":14}},{"start":{"line":88,"column":6},"end":{"line":90,"column":14}},{"start":{"line":91,"column":6},"end":{"line":93,"column":14}},{"start":{"line":94,"column":6},"end":{"line":96,"column":14}},{"start":{"line":97,"column":6},"end":{"line":99,"column":14}},{"start":{"line":100,"column":6},"end":{"line":102,"column":14}},{"start":{"line":103,"column":6},"end":{"line":105,"column":14}},{"start":{"line":106,"column":6},"end":{"line":108,"column":14}},{"start":{"line":109,"column":6},"end":{"line":111,"column":14}},{"start":{"line":112,"column":6},"end":{"line":114,"column":14}},{"start":{"line":115,"column":6},"end":{"line":117,"column":14}},{"start":{"line":118,"column":6},"end":{"line":120,"column":14}},{"start":{"line":121,"column":6},"end":{"line":123,"column":14}}],"line":66},"3":{"loc":{"start":{"line":125,"column":9},"end":{"line":127,"column":3}},"type":"if","locations":[{"start":{"line":125,"column":9},"end":{"line":127,"column":3}},{"start":{},"end":{}}],"line":125}},"s":{"0":4,"1":5,"2":2,"3":2,"4":0,"5":0,"6":1,"7":1,"8":1,"9":1,"10":0,"11":0,"12":0,"13":0,"14":0,"15":0,"16":0,"17":0,"18":0,"19":0,"20":0,"21":0,"22":0,"23":0,"24":0,"25":0,"26":0,"27":0,"28":0,"29":0,"30":0,"31":0,"32":0,"33":0,"34":0,"35":0,"36":0,"37":0,"38":1,"39":1,"40":5,"41":3,"42":0,"43":0,"44":2,"45":2,"46":0,"47":0,"48":0,"49":0,"50":0,"51":0,"52":0,"53":0,"54":0,"55":0,"56":0,"57":0,"58":0,"59":0,"60":0,"61":0,"62":0,"63":0,"64":0,"65":0,"66":0,"67":0,"68":0,"69":0,"70":0,"71":0,"72":0,"73":0,"74":0,"75":0,"76":0,"77":0,"78":1,"79":1,"80":2,"81":2,"82":5,"83":5},"f":{"0":5},"b":{"0":[2,0,1,1,0,0,0,0,0,0,0,0,0,0,0,0,0,0,1],"1":[3,2],"2":[0,2,0,0,0,0,0,0,0,0,0,0,0,0,0,0,0,0,1],"3":[2,0]},"_coverageSchema":"1a1c01bbd47fc00a2c39e90264f33305004495a9","hash":"d9ffd08b21afbbdb267072d044baf8a4d2eab880"}
}
