TN:
SF:src/api/fetchPokemon.js
FN:3,fetchPokemon
FN:8,(anonymous_1)
FNF:2
FNH:2
FNDA:2362,fetchPokemon
FNDA:5,(anonymous_1)
DA:4,2362
DA:6,2362
DA:8,5
DA:10,2361
LF:4
LH:4
BRF:0
BRH:0
end_of_record
TN:
SF:src/api/fetchPokemonByGender.js
FN:3,fetchPokemonByGender
FN:9,(anonymous_1)
FN:17,(anonymous_2)
FNF:3
FNH:3
FNDA:3,fetchPokemonByGender
FNDA:1,(anonymous_1)
FNDA:1,(anonymous_2)
DA:5,3
DA:7,3
DA:10,1
DA:11,1
DA:12,1
DA:13,1
DA:15,1
DA:17,1
DA:19,2
LF:9
LH:9
BRDA:12,0,0,1
BRDA:12,0,1,0
BRDA:13,1,0,0
BRDA:13,1,1,1
BRF:4
BRH:2
end_of_record
TN:
SF:src/api/fetchPokemonByName.js
FN:4,fetchPokemonByName
FN:9,(anonymous_1)
FNF:2
FNH:2
FNDA:2,fetchPokemonByName
FNDA:1572,(anonymous_1)
DA:5,2
DA:6,2
DA:7,2
DA:9,1572
DA:10,2
DA:12,2
LF:6
LH:6
BRF:0
BRH:0
end_of_record
TN:
SF:src/api/fetchPokemonData.js
FN:4,fetchPokemonData
FN:12,(anonymous_1)
FN:16,(anonymous_2)
FNF:3
FNH:1
FNDA:2,fetchPokemonData
FNDA:0,(anonymous_1)
FNDA:0,(anonymous_2)
DA:5,2
DA:6,2
DA:8,2
DA:10,1
DA:12,0
DA:14,1
DA:16,0
DA:18,1
DA:19,1
DA:20,1
DA:23,1
LF:11
LH:9
BRF:0
BRH:0
end_of_record
TN:
SF:src/api/fetchPokemonList.js
FN:8,fetchPokemonList
FN:15,(anonymous_1)
FN:19,(anonymous_2)
FNF:3
FNH:2
FNDA:3,fetchPokemonList
FNDA:0,(anonymous_1)
FNDA:2358,(anonymous_2)
DA:11,3
DA:13,3
DA:15,0
DA:17,3
DA:19,3
DA:20,2358
DA:21,2358
DA:22,2358
DA:23,2358
DA:25,2358
DA:27,3
DA:31,3
LF:12
LH:11
BRF:0
BRH:0
end_of_record
TN:
SF:src/components/FilterComponent.js
FN:4,FilterComponent
FN:12,pressHandler
FN:20,(anonymous_2)
FN:32,(anonymous_3)
FN:33,(anonymous_4)
FN:52,(anonymous_5)
FN:53,(anonymous_6)
FN:71,(anonymous_7)
FN:83,(anonymous_8)
FN:100,(anonymous_9)
FNF:10
FNH:2
FNDA:2,FilterComponent
FNDA:0,pressHandler
FNDA:0,(anonymous_2)
FNDA:0,(anonymous_3)
FNDA:0,(anonymous_4)
FNDA:0,(anonymous_5)
FNDA:0,(anonymous_6)
FNDA:0,(anonymous_7)
FNDA:0,(anonymous_8)
FNDA:2,(anonymous_9)
DA:8,2
DA:9,2
DA:10,2
DA:13,0
DA:20,0
DA:32,0
DA:34,0
DA:52,0
DA:54,0
DA:72,0
DA:73,0
DA:74,0
DA:75,0
DA:76,0
DA:84,0
DA:85,0
DA:86,0
DA:97,2
DA:100,2
DA:110,3
DA:130,3
LF:21
LH:7
BRDA:100,0,0,0
BRDA:100,0,1,2
BRF:2
BRH:1
end_of_record
TN:
SF:src/components/PhysicalAttributeComponent.js
FN:5,PhysicalAttributeComponent
FN:14,getPokemonGender
FN:20,(anonymous_2)
FN:24,(anonymous_3)
FN:32,(anonymous_4)
FN:40,(anonymous_5)
FN:49,(anonymous_6)
FNF:7
FNH:7
FNDA:2,PhysicalAttributeComponent
FNDA:1,getPokemonGender
FNDA:1,(anonymous_2)
FNDA:2,(anonymous_3)
FNDA:2,(anonymous_4)
FNDA:2,(anonymous_5)
FNDA:3,(anonymous_6)
DA:6,2
DA:7,2
DA:8,2
DA:10,2
DA:12,2
DA:15,1
DA:17,0
DA:20,2
DA:21,1
DA:24,2
DA:25,2
DA:32,2
DA:33,2
DA:40,2
DA:41,2
DA:48,2
DA:50,3
DA:58,2
DA:78,3
LF:19
LH:18
BRF:0
BRH:0
end_of_record
TN:
SF:src/components/PokemonGridTile.js
FN:14,PokemonGridTile
FN:38,(anonymous_1)
FNF:2
FNH:2
FNDA:2,PokemonGridTile
FNDA:2,(anonymous_1)
DA:17,2
DA:18,1
DA:24,1
DA:31,2
DA:38,2
DA:59,3
LF:6
LH:6
BRDA:17,0,0,1
BRDA:17,0,1,1
BRDA:40,1,0,0
BRDA:40,1,1,2
BRDA:71,2,0,0
BRDA:71,2,1,3
BRF:6
BRH:4
end_of_record
TN:
SF:src/components/StatsComponent.js
FN:3,StatsComponent
FN:6,(anonymous_1)
FNF:2
FNH:2
FNDA:2,StatsComponent
FNDA:6,(anonymous_1)
DA:4,2
DA:6,2
DA:7,6
DA:18,2
DA:21,3
LF:5
LH:5
BRF:0
BRH:0
end_of_record
TN:
SF:src/mock/data.js
FNF:0
FNH:0
DA:1,2
LF:1
LH:1
BRF:0
BRH:0
end_of_record
TN:
SF:src/screen/PokemonDetails.js
FN:8,PokemonDetails
FN:12,(anonymous_1)
FN:17,(anonymous_2)
FNF:3
FNH:3
FNDA:1,PokemonDetails
FNDA:1,(anonymous_1)
FNDA:1,(anonymous_2)
DA:9,1
DA:10,1
DA:12,1
DA:13,1
DA:14,0
DA:17,1
DA:18,1
DA:21,1
DA:56,2
LF:9
LH:8
BRF:0
BRH:0
end_of_record
TN:
SF:src/screen/PokemonHomeScreen.js
FN:17,PokemonHomeScreen
FN:23,(anonymous_1)
FN:33,getAllPokemon
FN:39,(anonymous_3)
FN:43,renderPokemon
FN:44,pressHandler
FN:84,(anonymous_6)
FNF:7
FNH:1
FNDA:2,PokemonHomeScreen
FNDA:0,(anonymous_1)
FNDA:0,getAllPokemon
FNDA:0,(anonymous_3)
FNDA:0,renderPokemon
FNDA:0,pressHandler
FNDA:0,(anonymous_6)
DA:18,2
DA:19,2
DA:21,2
DA:23,2
DA:27,0
DA:28,0
DA:29,0
DA:34,0
DA:36,0
DA:39,2
DA:40,0
DA:45,0
DA:51,0
DA:58,0
DA:61,2
DA:84,0
DA:94,2
LF:17
LH:7
BRF:0
BRH:0
end_of_record
TN:
SF:src/utils/utils.js
FN:1,(anonymous_0)
FNF:1
FNH:1
FNDA:5,(anonymous_0)
DA:1,4
DA:5,5
DA:7,2
DA:8,2
DA:10,0
DA:11,0
DA:13,1
DA:14,1
DA:16,1
DA:17,1
DA:19,0
DA:20,0
DA:22,0
DA:23,0
DA:25,0
DA:26,0
DA:28,0
DA:29,0
DA:31,0
DA:32,0
DA:34,0
DA:35,0
DA:37,0
DA:38,0
DA:40,0
DA:41,0
DA:43,0
DA:44,0
DA:46,0
DA:47,0
DA:49,0
DA:50,0
DA:52,0
DA:53,0
DA:55,0
DA:56,0
DA:58,0
DA:59,0
DA:61,1
DA:62,1
DA:65,5
DA:66,3
DA:68,0
DA:69,0
DA:71,2
DA:72,2
DA:74,0
DA:75,0
DA:77,0
DA:78,0
DA:80,0
DA:81,0
DA:83,0
DA:84,0
DA:86,0
DA:87,0
DA:89,0
DA:90,0
DA:92,0
DA:93,0
DA:95,0
DA:96,0
DA:98,0
DA:99,0
DA:101,0
DA:102,0
DA:104,0
DA:105,0
DA:107,0
DA:108,0
DA:110,0
DA:111,0
DA:113,0
DA:114,0
DA:116,0
DA:117,0
DA:119,0
DA:120,0
DA:122,1
DA:123,1
DA:125,2
DA:126,2
DA:129,5
DA:131,5
LF:84
LH:20
BRDA:5,0,0,2
BRDA:5,0,1,0
BRDA:5,0,2,1
BRDA:5,0,3,1
BRDA:5,0,4,0
BRDA:5,0,5,0
BRDA:5,0,6,0
BRDA:5,0,7,0
BRDA:5,0,8,0
BRDA:5,0,9,0
BRDA:5,0,10,0
BRDA:5,0,11,0
BRDA:5,0,12,0
BRDA:5,0,13,0
BRDA:5,0,14,0
BRDA:5,0,15,0
BRDA:5,0,16,0
BRDA:5,0,17,0
BRDA:5,0,18,1
BRDA:65,1,0,3
BRDA:65,1,1,2
BRDA:66,2,0,0
BRDA:66,2,1,2
BRDA:66,2,2,0
BRDA:66,2,3,0
BRDA:66,2,4,0
BRDA:66,2,5,0
BRDA:66,2,6,0
BRDA:66,2,7,0
BRDA:66,2,8,0
BRDA:66,2,9,0
BRDA:66,2,10,0
BRDA:66,2,11,0
BRDA:66,2,12,0
BRDA:66,2,13,0
BRDA:66,2,14,0
BRDA:66,2,15,0
BRDA:66,2,16,0
BRDA:66,2,17,0
BRDA:66,2,18,1
BRDA:125,3,0,2
BRDA:125,3,1,0
BRF:42
BRH:9
end_of_record
